<?xml version="1.0" encoding="utf-8"?><testsuites name="pytest tests"><testsuite name="pytest" errors="0" failures="0" skipped="0" tests="131" time="2.751" timestamp="2025-06-24T15:33:03.518438-04:00" hostname="Aarons-MacBook-Pro-3.local"><testcase classname="tests.test_attachments.TestAttachmentsEntity" name="test_upload_file_success" time="0.004" /><testcase classname="tests.test_attachments.TestAttachmentsEntity" name="test_upload_file_not_found" time="0.001" /><testcase classname="tests.test_attachments.TestAttachmentsEntity" name="test_upload_file_too_large" time="0.005" /><testcase classname="tests.test_attachments.TestAttachmentsEntity" name="test_upload_from_data_success" time="0.001" /><testcase classname="tests.test_attachments.TestAttachmentsEntity" name="test_upload_from_data_too_large" time="0.002" /><testcase classname="tests.test_attachments.TestAttachmentsEntity" name="test_download_file_success" time="0.001" /><testcase classname="tests.test_attachments.TestAttachmentsEntity" name="test_download_file_with_output_path" time="0.002" /><testcase classname="tests.test_attachments.TestAttachmentsEntity" name="test_get_attachments_for_entity" time="0.001" /><testcase classname="tests.test_attachments.TestAttachmentsEntity" name="test_get_attachment_info" time="0.001" /><testcase classname="tests.test_attachments.TestAttachmentsEntity" name="test_delete_attachment_success" time="0.001" /><testcase classname="tests.test_attachments.TestAttachmentsEntity" name="test_delete_attachment_failure" time="0.001" /><testcase classname="tests.test_attachments.TestAttachmentsEntity" name="test_batch_upload_success" time="0.001" /><testcase classname="tests.test_attachments.TestAttachmentsEntity" name="test_batch_upload_with_errors" time="0.001" /><testcase classname="tests.test_attachments.TestAttachmentsEntity" name="test_batch_upload_empty_list" time="0.001" /><testcase classname="tests.test_attachments.TestAttachmentsEntity" name="test_content_type_detection" time="0.001" /><testcase classname="tests.test_auth.TestAutotaskAuth" name="test_init" time="0.000" /><testcase classname="tests.test_auth.TestAutotaskAuth" name="test_api_url_with_override" time="0.000" /><testcase classname="tests.test_auth.TestAutotaskAuth" name="test_zone_detection_success" time="0.006" /><testcase classname="tests.test_auth.TestAutotaskAuth" name="test_zone_detection_auth_error" time="0.001" /><testcase classname="tests.test_auth.TestAutotaskAuth" name="test_zone_detection_invalid_integration_code" time="0.001" /><testcase classname="tests.test_auth.TestAutotaskAuth" name="test_zone_detection_invalid_username" time="0.001" /><testcase classname="tests.test_auth.TestAutotaskAuth" name="test_zone_detection_network_error" time="0.001" /><testcase classname="tests.test_auth.TestAutotaskAuth" name="test_zone_detection_invalid_response" time="0.001" /><testcase classname="tests.test_auth.TestAutotaskAuth" name="test_get_session" time="0.001" /><testcase classname="tests.test_auth.TestAutotaskAuth" name="test_get_session_cached" time="0.000" /><testcase classname="tests.test_auth.TestAutotaskAuth" name="test_validate_credentials_success" time="0.001" /><testcase classname="tests.test_auth.TestAutotaskAuth" name="test_validate_credentials_failure" time="0.001" /><testcase classname="tests.test_auth.TestAutotaskAuth" name="test_reset_zone_cache" time="0.001" /><testcase classname="tests.test_auth.TestAutotaskAuth" name="test_close" time="0.000" /><testcase classname="tests.test_batch_operations.TestBatchOperations" name="test_client_batch_create_success" time="0.002" /><testcase classname="tests.test_batch_operations.TestBatchOperations" name="test_client_batch_create_with_errors" time="0.002" /><testcase classname="tests.test_batch_operations.TestBatchOperations" name="test_client_batch_create_exceeds_batch_size" time="0.002" /><testcase classname="tests.test_batch_operations.TestBatchOperations" name="test_client_batch_update_success" time="0.001" /><testcase classname="tests.test_batch_operations.TestBatchOperations" name="test_client_batch_update_missing_ids" time="0.001" /><testcase classname="tests.test_batch_operations.TestBatchOperations" name="test_client_batch_delete_success" time="0.002" /><testcase classname="tests.test_batch_operations.TestBatchOperations" name="test_client_batch_delete_with_failures" time="0.002" /><testcase classname="tests.test_batch_operations.TestBatchOperations" name="test_base_entity_batch_create" time="0.002" /><testcase classname="tests.test_batch_operations.TestBatchOperations" name="test_base_entity_batch_update" time="0.002" /><testcase classname="tests.test_batch_operations.TestBatchOperations" name="test_base_entity_batch_delete" time="0.001" /><testcase classname="tests.test_batch_operations.TestBatchOperations" name="test_tickets_entity_batch_create" time="0.001" /><testcase classname="tests.test_batch_operations.TestBatchOperations" name="test_companies_entity_batch_update" time="0.001" /><testcase classname="tests.test_batch_operations.TestBatchOperations" name="test_batch_create_with_batching" time="0.002" /><testcase classname="tests.test_batch_operations.TestBatchOperations" name="test_batch_progress_logging" time="0.002" /><testcase classname="tests.test_batch_operations.TestBatchOperations" name="test_batch_error_handling" time="0.002" /><testcase classname="tests.test_batch_operations.TestBatchOperations" name="test_batch_empty_dataset" time="0.001" /><testcase classname="tests.test_batch_operations.TestBatchOperations" name="test_batch_single_item" time="0.001" /><testcase classname="tests.test_client.TestAutotaskClient" name="test_init" time="0.001" /><testcase classname="tests.test_client.TestAutotaskClient" name="test_init_default_config" time="0.001" /><testcase classname="tests.test_client.TestAutotaskClient" name="test_create_class_method" time="0.001" /><testcase classname="tests.test_client.TestAutotaskClient" name="test_session_property" time="0.001" /><testcase classname="tests.test_client.TestAutotaskClient" name="test_session_cached" time="0.002" /><testcase classname="tests.test_client.TestAutotaskClient" name="test_entities_property" time="0.001" /><testcase classname="tests.test_client.TestAutotaskClient" name="test_convenience_properties" time="0.001" /><testcase classname="tests.test_client.TestAutotaskClient" name="test_get_entity_success" time="0.002" /><testcase classname="tests.test_client.TestAutotaskClient" name="test_get_entity_not_found" time="0.001" /><testcase classname="tests.test_client.TestAutotaskClient" name="test_create_entity_success" time="0.002" /><testcase classname="tests.test_client.TestAutotaskClient" name="test_update_entity_success" time="0.002" /><testcase classname="tests.test_client.TestAutotaskClient" name="test_delete_entity_success" time="0.002" /><testcase classname="tests.test_client.TestAutotaskClient" name="test_context_manager" time="0.001" /><testcase classname="tests.test_companies.TestCompaniesEntity" name="test_create_company_basic" time="0.001" /><testcase classname="tests.test_companies.TestCompaniesEntity" name="test_create_company_with_address" time="0.001" /><testcase classname="tests.test_companies.TestCompaniesEntity" name="test_search_companies_by_name_exact" time="0.001" /><testcase classname="tests.test_companies.TestCompaniesEntity" name="test_search_companies_by_name_partial" time="0.001" /><testcase classname="tests.test_companies.TestCompaniesEntity" name="test_get_companies_by_type" time="0.001" /><testcase classname="tests.test_companies.TestCompaniesEntity" name="test_get_customer_companies" time="0.001" /><testcase classname="tests.test_companies.TestCompaniesEntity" name="test_get_prospect_companies" time="0.001" /><testcase classname="tests.test_companies.TestCompaniesEntity" name="test_get_company_contacts" time="0.001" /><testcase classname="tests.test_companies.TestCompaniesEntity" name="test_get_company_tickets" time="0.001" /><testcase classname="tests.test_companies.TestCompaniesEntity" name="test_get_company_projects" time="0.001" /><testcase classname="tests.test_companies.TestCompaniesEntity" name="test_get_company_contracts" time="0.001" /><testcase classname="tests.test_companies.TestCompaniesEntity" name="test_update_company_address" time="0.001" /><testcase classname="tests.test_companies.TestCompaniesEntity" name="test_activate_company" time="0.001" /><testcase classname="tests.test_companies.TestCompaniesEntity" name="test_deactivate_company" time="0.001" /><testcase classname="tests.test_companies.TestCompaniesEntity" name="test_get_companies_by_location" time="0.001" /><testcase classname="tests.test_exceptions.TestAutotaskError" name="test_basic_error" time="0.000" /><testcase classname="tests.test_exceptions.TestAutotaskError" name="test_error_with_details" time="0.000" /><testcase classname="tests.test_exceptions.TestAutotaskAPIError" name="test_basic_api_error" time="0.000" /><testcase classname="tests.test_exceptions.TestAutotaskAPIError" name="test_api_error_with_status_code" time="0.000" /><testcase classname="tests.test_exceptions.TestAutotaskAPIError" name="test_api_error_with_response_data" time="0.000" /><testcase classname="tests.test_exceptions.TestAutotaskAPIError" name="test_api_error_no_errors_in_response" time="0.000" /><testcase classname="tests.test_exceptions.TestAutotaskAuthError" name="test_default_auth_error" time="0.000" /><testcase classname="tests.test_exceptions.TestAutotaskAuthError" name="test_custom_auth_error" time="0.000" /><testcase classname="tests.test_exceptions.TestAutotaskConnectionError" name="test_default_connection_error" time="0.000" /><testcase classname="tests.test_exceptions.TestAutotaskConnectionError" name="test_custom_connection_error" time="0.000" /><testcase classname="tests.test_exceptions.TestAutotaskValidationError" name="test_basic_validation_error" time="0.000" /><testcase classname="tests.test_exceptions.TestAutotaskValidationError" name="test_validation_error_with_field" time="0.000" /><testcase classname="tests.test_exceptions.TestAutotaskRateLimitError" name="test_default_rate_limit_error" time="0.000" /><testcase classname="tests.test_exceptions.TestAutotaskRateLimitError" name="test_rate_limit_error_with_retry_after" time="0.000" /><testcase classname="tests.test_exceptions.TestAutotaskTimeoutError" name="test_default_timeout_error" time="0.000" /><testcase classname="tests.test_exceptions.TestAutotaskTimeoutError" name="test_custom_timeout_error" time="0.000" /><testcase classname="tests.test_exceptions.TestAutotaskZoneError" name="test_default_zone_error" time="0.000" /><testcase classname="tests.test_exceptions.TestAutotaskZoneError" name="test_custom_zone_error" time="0.000" /><testcase classname="tests.test_exceptions.TestAutotaskConfigurationError" name="test_configuration_error" time="0.000" /><testcase classname="tests.test_exceptions.TestExceptionInheritance" name="test_all_exceptions_inherit_from_base" time="0.000" /><testcase classname="tests.test_exceptions.TestExceptionInheritance" name="test_rate_limit_inherits_from_api_error" time="0.000" /><testcase classname="tests.test_query_builder.TestQueryBuilder" name="test_where_basic" time="0.001" /><testcase classname="tests.test_query_builder.TestQueryBuilder" name="test_where_string_operator" time="0.000" /><testcase classname="tests.test_query_builder.TestQueryBuilder" name="test_where_null" time="0.000" /><testcase classname="tests.test_query_builder.TestQueryBuilder" name="test_where_not_null" time="0.001" /><testcase classname="tests.test_query_builder.TestQueryBuilder" name="test_where_in" time="0.001" /><testcase classname="tests.test_query_builder.TestQueryBuilder" name="test_where_in_empty_list" time="0.001" /><testcase classname="tests.test_query_builder.TestQueryBuilder" name="test_where_date_range" time="0.001" /><testcase classname="tests.test_query_builder.TestQueryBuilder" name="test_method_chaining" time="0.001" /><testcase classname="tests.test_query_builder.TestQueryBuilder" name="test_select" time="0.000" /><testcase classname="tests.test_query_builder.TestQueryBuilder" name="test_limit" time="0.000" /><testcase classname="tests.test_query_builder.TestQueryBuilder" name="test_order_by" time="0.000" /><testcase classname="tests.test_query_builder.TestQueryBuilder" name="test_order_by_invalid_direction" time="0.000" /><testcase classname="tests.test_query_builder.TestQueryBuilder" name="test_reset" time="0.001" /><testcase classname="tests.test_query_builder.TestQueryBuilder" name="test_build" time="0.001" /><testcase classname="tests.test_query_builder.TestQueryBuilder" name="test_execute" time="0.001" /><testcase classname="tests.test_query_builder.TestQueryBuilder" name="test_execute_all" time="0.001" /><testcase classname="tests.test_query_builder.TestQueryBuilder" name="test_count" time="0.001" /><testcase classname="tests.test_query_builder.TestQueryBuilder" name="test_first" time="0.001" /><testcase classname="tests.test_query_builder.TestQueryBuilder" name="test_first_no_results" time="0.001" /><testcase classname="tests.test_query_builder.TestQueryBuilder" name="test_exists_true" time="0.001" /><testcase classname="tests.test_query_builder.TestQueryBuilder" name="test_exists_false" time="0.001" /><testcase classname="tests.test_query_builder.TestQueryBuilder" name="test_where_value_required" time="0.000" /><testcase classname="tests.test_query_builder.TestQueryBuilder" name="test_where_related" time="0.001" /><testcase classname="tests.test_query_builder.TestBaseEntityQueryBuilder" name="test_query_builder_method_exists" time="0.000" /><testcase classname="tests.test_query_builder.TestBaseEntityQueryBuilder" name="test_query_builder_returns_instance" time="0.000" /><testcase classname="tests.test_tickets.TestTicketsEntity" name="test_create_ticket_basic" time="0.001" /><testcase classname="tests.test_tickets.TestTicketsEntity" name="test_create_ticket_with_optional_fields" time="0.001" /><testcase classname="tests.test_tickets.TestTicketsEntity" name="test_get_tickets_by_account" time="0.001" /><testcase classname="tests.test_tickets.TestTicketsEntity" name="test_get_tickets_by_account_with_status_filter" time="0.001" /><testcase classname="tests.test_tickets.TestTicketsEntity" name="test_get_tickets_by_resource" time="0.001" /><testcase classname="tests.test_tickets.TestTicketsEntity" name="test_get_overdue_tickets" time="0.001" /><testcase classname="tests.test_tickets.TestTicketsEntity" name="test_update_ticket_status" time="0.001" /><testcase classname="tests.test_tickets.TestTicketsEntity" name="test_assign_ticket" time="0.001" /><testcase classname="tests.test_tickets.TestTicketsEntity" name="test_get_ticket_notes" time="0.001" /><testcase classname="tests.test_tickets.TestTicketsEntity" name="test_add_ticket_note" time="0.001" /><testcase classname="tests.test_tickets.TestTicketsEntity" name="test_get_tickets_by_queue" time="0.001" /></testsuite></testsuites>