<?xml version="1.0" encoding="utf-8"?><testsuites name="pytest tests"><testsuite name="pytest" errors="0" failures="0" skipped="0" tests="298" time="5.455" timestamp="2025-08-26T14:33:20.866054+00:00" hostname="pkrvmqc4gcfdwos"><testcase classname="tests.test_async_queue" name="test_fails_when_stream_fails" time="0.002" /><testcase classname="tests.test_async_queue" name="test_cancels_when_iteration_cancels" time="0.001" /><testcase classname="tests.test_async_queue" name="test_ends_when_stream_ends" time="0.001" /><testcase classname="tests.test_async_queue" name="test_buffers_values_when_not_reading" time="0.001" /><testcase classname="tests.test_async_queue" name="test_delivers_buffer_when_streaming_fails" time="0.001" /><testcase classname="tests.test_async_queue" name="test_delivers_updates_when_sending" time="0.001" /><testcase classname="tests.test_async_queue" name="test_fails_when_sending_to_finished" time="0.001" /><testcase classname="tests.test_async_queue" name="test_ignores_when_finishing_when_finished" time="0.001" /><testcase classname="tests.test_async_stream" name="test_fails_when_stream_fails" time="0.001" /><testcase classname="tests.test_async_stream" name="test_cancels_when_iteration_cancels" time="0.001" /><testcase classname="tests.test_async_stream" name="test_ends_when_stream_ends" time="0.001" /><testcase classname="tests.test_async_stream" name="test_finishes_without_buffer" time="0.001" /><testcase classname="tests.test_async_stream" name="test_fails_without_buffer" time="0.001" /><testcase classname="tests.test_async_stream" name="test_delivers_updates_when_sending" time="0.001" /><testcase classname="tests.test_async_stream" name="test_ignores_when_sending_to_finished" time="0.001" /><testcase classname="tests.test_async_stream" name="test_ignores_when_sending_to_failed" time="0.001" /><testcase classname="tests.test_async_stream" name="test_ignores_when_finishing_when_finished" time="0.001" /><testcase classname="tests.test_async_stream" name="test_delivers_all_when_sending_async" time="0.001" /><testcase classname="tests.test_attribute_path" name="test_id_path_points_to_self" time="0.000" /><testcase classname="tests.test_attribute_path" name="test_attribute_path_points_to_attribute" time="0.001" /><testcase classname="tests.test_attribute_path" name="test_nested_attribute_path_points_to_nested_attribute" time="0.000" /><testcase classname="tests.test_attribute_path" name="test_recursive_attribute_path_points_to_attribute" time="0.000" /><testcase classname="tests.test_attribute_path" name="test_list_item_path_points_to_item" time="0.000" /><testcase classname="tests.test_attribute_path" name="test_tuple_item_path_points_to_item" time="0.000" /><testcase classname="tests.test_attribute_path" name="test_mixed_tuple_item_path_points_to_item" time="0.000" /><testcase classname="tests.test_attribute_path" name="test_dict_item_path_points_to_item" time="0.000" /><testcase classname="tests.test_attribute_path" name="test_id_path_set_updates_self" time="0.000" /><testcase classname="tests.test_attribute_requirement" name="test_equal_requirement" time="0.000" /><testcase classname="tests.test_attribute_requirement" name="test_not_equal_requirement" time="0.000" /><testcase classname="tests.test_attribute_requirement" name="test_contains_requirement" time="0.000" /><testcase classname="tests.test_attribute_requirement" name="test_contains_any_requirement" time="0.000" /><testcase classname="tests.test_attribute_requirement" name="test_contained_in_requirement" time="0.000" /><testcase classname="tests.test_attribute_requirement" name="test_logical_and_or_requirements" time="0.000" /><testcase classname="tests.test_attribute_requirement" name="test_filter" time="0.000" /><testcase classname="tests.test_attribute_requirement" name="test_immutability" time="0.000" /><testcase classname="tests.test_auto_retry" name="test_returns_value_without_errors" time="0.001" /><testcase classname="tests.test_auto_retry" name="test_retries_with_errors" time="0.001" /><testcase classname="tests.test_auto_retry" name="test_logs_issue_with_errors" time="0.001" /><testcase classname="tests.test_auto_retry" name="test_fails_with_exceeding_errors" time="0.001" /><testcase classname="tests.test_auto_retry" name="test_fails_with_cancellation" time="0.001" /><testcase classname="tests.test_auto_retry" name="test_retries_with_selected_errors" time="0.001" /><testcase classname="tests.test_auto_retry" name="test_fails_with_not_selected_errors" time="0.001" /><testcase classname="tests.test_auto_retry" name="test_async_returns_value_without_errors" time="0.001" /><testcase classname="tests.test_auto_retry" name="test_async_retries_with_errors" time="0.001" /><testcase classname="tests.test_auto_retry" name="test_async_fails_with_exceeding_errors" time="0.001" /><testcase classname="tests.test_auto_retry" name="test_async_fails_with_cancellation" time="0.001" /><testcase classname="tests.test_auto_retry" name="test_async_fails_when_cancelled" time="0.021" /><testcase classname="tests.test_auto_retry" name="test_async_uses_delay_with_errors" time="0.102" /><testcase classname="tests.test_auto_retry" name="test_async_uses_computed_delay_with_errors" time="0.107" /><testcase classname="tests.test_auto_retry" name="test_async_logs_issue_with_errors" time="0.001" /><testcase classname="tests.test_auto_retry" name="test_async_retries_with_selected_errors" time="0.001" /><testcase classname="tests.test_auto_retry" name="test_async_fails_with_not_selected_errors" time="0.001" /><testcase classname="tests.test_cache" name="test_returns_cache_value_with_same_argument" time="0.001" /><testcase classname="tests.test_cache" name="test_returns_fresh_value_with_different_argument" time="0.000" /><testcase classname="tests.test_cache" name="test_returns_fresh_value_with_limit_exceed" time="0.000" /><testcase classname="tests.test_cache" name="test_returns_same_value_with_repeating_argument" time="0.000" /><testcase classname="tests.test_cache" name="test_fails_with_error" time="0.000" /><testcase classname="tests.test_cache" name="test_returns_fresh_value_with_expiration_time_exceed" time="0.021" /><testcase classname="tests.test_cache" name="test_async_returns_cache_value_with_same_argument" time="0.002" /><testcase classname="tests.test_cache" name="test_async_returns_fresh_value_with_different_argument" time="0.001" /><testcase classname="tests.test_cache" name="test_async_returns_fresh_value_with_limit_exceed" time="0.001" /><testcase classname="tests.test_cache" name="test_async_returns_same_value_with_repeating_argument" time="0.001" /><testcase classname="tests.test_cache" name="test_async_returns_fresh_value_with_expiration_time_exceed" time="0.021" /><testcase classname="tests.test_cache" name="test_async_cancel_waiting_does_not_cancel_task" time="0.502" /><testcase classname="tests.test_cache" name="test_async_expiration_does_not_cancel_task" time="0.021" /><testcase classname="tests.test_cache" name="test_async_fails_with_error" time="0.001" /><testcase classname="tests.test_concurrently" name="test_processes_all_coroutines" time="0.001" /><testcase classname="tests.test_concurrently" name="test_preserves_order" time="0.152" /><testcase classname="tests.test_concurrently" name="test_handles_empty_collection" time="0.001" /><testcase classname="tests.test_concurrently" name="test_propagates_coroutine_exceptions" time="0.001" /><testcase classname="tests.test_concurrently" name="test_returns_exceptions_when_configured" time="0.001" /><testcase classname="tests.test_concurrently" name="test_return_exceptions_inside_scope_task_group" time="0.001" /><testcase classname="tests.test_concurrently" name="test_cancels_running_tasks_on_cancellation" time="0.101" /><testcase classname="tests.test_concurrently" name="test_respects_concurrency_limit" time="0.203" /><testcase classname="tests.test_concurrently" name="test_works_with_different_return_types" time="0.001" /><testcase classname="tests.test_concurrently" name="test_handles_mixed_success_and_failure" time="0.001" /><testcase classname="tests.test_concurrently" name="test_exception_details_preserved" time="0.001" /><testcase classname="tests.test_concurrently" name="test_works_with_async_generators_as_source" time="0.001" /><testcase classname="tests.test_concurrently" name="test_single_coroutine" time="0.011" /><testcase classname="tests.test_concurrently" name="test_no_tasks_with_return_exceptions_false" time="0.001" /><testcase classname="tests.test_concurrently" name="test_no_tasks_with_return_exceptions_true" time="0.001" /><testcase classname="tests.test_concurrently" name="test_concurrent_limit_larger_than_coroutines" time="0.001" /><testcase classname="tests.test_concurrently" name="test_all_coroutines_fail_with_return_exceptions" time="0.001" /><testcase classname="tests.test_context" name="test_state_is_available_according_to_context" time="0.001" /><testcase classname="tests.test_context" name="test_state_update_updates_local_context" time="0.001" /><testcase classname="tests.test_context" name="test_exceptions_are_propagated" time="0.001" /><testcase classname="tests.test_context_presets" name="test_preset_creation" time="0.000" /><testcase classname="tests.test_context_presets" name="test_preset_with_state" time="0.000" /><testcase classname="tests.test_context_presets" name="test_preset_with_disposable" time="0.000" /><testcase classname="tests.test_context_presets" name="test_preset_extended" time="0.000" /><testcase classname="tests.test_context_presets" name="test_preset_prepare_with_static_state" time="0.001" /><testcase classname="tests.test_context_presets" name="test_preset_prepare_with_state_factory" time="0.001" /><testcase classname="tests.test_context_presets" name="test_preset_prepare_with_multiple_states_factory" time="0.001" /><testcase classname="tests.test_context_presets" name="test_preset_prepare_with_disposables" time="0.001" /><testcase classname="tests.test_context_presets" name="test_preset_prepare_with_multiple_disposables" time="0.001" /><testcase classname="tests.test_context_presets" name="test_preset_prepare_mixed_state_and_disposables" time="0.001" /><testcase classname="tests.test_context_presets" name="test_registry_creation" time="0.000" /><testcase classname="tests.test_context_presets" name="test_registry_immutable" time="0.000" /><testcase classname="tests.test_context_presets" name="test_scope_with_preset" time="0.001" /><testcase classname="tests.test_context_presets" name="test_scope_preset_with_override" time="0.001" /><testcase classname="tests.test_context_presets" name="test_scope_preset_not_found" time="0.001" /><testcase classname="tests.test_context_presets" name="test_preset_with_async_state_factory" time="0.022" /><testcase classname="tests.test_context_presets" name="test_preset_with_disposable_lifecycle" time="0.001" /><testcase classname="tests.test_context_presets" name="test_nested_preset_registries" time="0.001" /><testcase classname="tests.test_context_presets" name="test_preset_with_mixed_state_sources" time="0.012" /><testcase classname="tests.test_context_presets" name="test_direct_preset_parameter" time="0.001" /><testcase classname="tests.test_context_presets" name="test_direct_preset_with_explicit_state_override" time="0.001" /><testcase classname="tests.test_context_presets" name="test_direct_preset_with_disposables" time="0.001" /><testcase classname="tests.test_context_presets" name="test_direct_preset_vs_registry" time="0.001" /><testcase classname="tests.test_context_presets" name="test_direct_preset_none_falls_back_to_registry" time="0.001" /><testcase classname="tests.test_disposables" name="test_empty_initialization" time="0.000" /><testcase classname="tests.test_disposables" name="test_single_disposable_initialization" time="0.000" /><testcase classname="tests.test_disposables" name="test_multiple_disposables_initialization" time="0.000" /><testcase classname="tests.test_disposables" name="test_cannot_set_attributes" time="0.000" /><testcase classname="tests.test_disposables" name="test_cannot_delete_attributes" time="0.000" /><testcase classname="tests.test_disposables" name="test_empty_disposables_is_falsy" time="0.000" /><testcase classname="tests.test_disposables" name="test_non_empty_disposables_is_truthy" time="0.000" /><testcase classname="tests.test_disposables" name="test_setup_with_no_disposables" time="0.001" /><testcase classname="tests.test_disposables" name="test_setup_with_disposable_returning_none" time="0.001" /><testcase classname="tests.test_disposables" name="test_setup_with_disposable_returning_single_state" time="0.001" /><testcase classname="tests.test_disposables" name="test_setup_with_disposable_returning_multiple_states" time="0.001" /><testcase classname="tests.test_disposables" name="test_setup_with_multiple_disposables_mixed_returns" time="0.001" /><testcase classname="tests.test_disposables" name="test_setup_sets_loop_correctly" time="0.001" /><testcase classname="tests.test_disposables" name="test_dispose_with_no_disposables" time="0.001" /><testcase classname="tests.test_disposables" name="test_dispose_with_successful_cleanup" time="0.001" /><testcase classname="tests.test_disposables" name="test_dispose_with_exception_context" time="0.001" /><testcase classname="tests.test_disposables" name="test_dispose_with_multiple_exceptions_creates_group" time="0.001" /><testcase classname="tests.test_disposables" name="test_dispose_with_single_exception_is_risen" time="0.001" /><testcase classname="tests.test_disposables" name="test_dispose_resets_loop_even_on_exception" time="0.001" /><testcase classname="tests.test_disposables" name="test_same_loop_cleanup" time="0.001" /><testcase classname="tests.test_disposables" name="test_exception_during_setup_phase" time="0.001" /><testcase classname="tests.test_disposables" name="test_assertion_on_doubleprepare" time="0.001" /><testcase classname="tests.test_disposables" name="test_assertion_on_dispose_withoutprepare" time="0.001" /><testcase classname="tests.test_events" name="test_basic_send_and_subscribe" time="0.001" /><testcase classname="tests.test_events" name="test_multiple_subscribers_same_type" time="0.001" /><testcase classname="tests.test_events" name="test_multiple_event_types" time="0.001" /><testcase classname="tests.test_events" name="test_event_ordering_is_fifo" time="0.001" /><testcase classname="tests.test_events" name="test_no_subscribers_no_memory_leak" time="0.437" /><testcase classname="tests.test_events" name="test_context_isolation" time="0.001" /><testcase classname="tests.test_events" name="test_missing_context_errors" time="0.001" /><testcase classname="tests.test_events" name="test_subscription_cleanup_on_cancel" time="0.001" /><testcase classname="tests.test_events" name="test_concurrent_send_and_receive" time="0.002" /><testcase classname="tests.test_events" name="test_reentrant_context_not_allowed" time="0.001" /><testcase classname="tests.test_events" name="test_subscription_iterator_is_async" time="0.001" /><testcase classname="tests.test_events" name="test_events_with_subscribers_joining_late" time="0.011" /><testcase classname="tests.test_execute_concurrently" name="test_processes_all_elements" time="0.001" /><testcase classname="tests.test_execute_concurrently" name="test_preserves_order" time="0.302" /><testcase classname="tests.test_execute_concurrently" name="test_handles_empty_collection" time="0.001" /><testcase classname="tests.test_execute_concurrently" name="test_propagates_handler_exceptions" time="0.001" /><testcase classname="tests.test_execute_concurrently" name="test_returns_exceptions_when_configured" time="0.001" /><testcase classname="tests.test_execute_concurrently" name="test_return_exceptions_inside_scope_task_group" time="0.001" /><testcase classname="tests.test_execute_concurrently" name="test_cancels_running_tasks_on_cancellation" time="0.101" /><testcase classname="tests.test_execute_concurrently" name="test_respects_concurrency_limit" time="0.203" /><testcase classname="tests.test_execute_concurrently" name="test_works_with_different_types" time="0.001" /><testcase classname="tests.test_execute_concurrently" name="test_handles_mixed_success_and_failure" time="0.001" /><testcase classname="tests.test_execute_concurrently" name="test_works_with_sets_and_tuples" time="0.001" /><testcase classname="tests.test_execute_concurrently" name="test_exception_details_preserved" time="0.001" /><testcase classname="tests.test_metadata" name="test_meta_empty_is_singleton" time="0.000" /><testcase classname="tests.test_metadata" name="test_meta_basic_construction" time="0.000" /><testcase classname="tests.test_metadata" name="test_meta_construction_validates_values" time="0.000" /><testcase classname="tests.test_metadata" name="test_meta_of_with_none_returns_empty" time="0.000" /><testcase classname="tests.test_metadata" name="test_meta_of_with_existing_meta_returns_same" time="0.000" /><testcase classname="tests.test_metadata" name="test_meta_of_with_mapping_validates" time="0.000" /><testcase classname="tests.test_metadata" name="test_meta_from_mapping" time="0.000" /><testcase classname="tests.test_metadata" name="test_meta_from_json_valid" time="0.000" /><testcase classname="tests.test_metadata" name="test_meta_from_json_invalid" time="0.000" /><testcase classname="tests.test_metadata" name="test_meta_to_json" time="0.000" /><testcase classname="tests.test_metadata" name="test_meta_to_mapping" time="0.000" /><testcase classname="tests.test_metadata" name="test_meta_kind_property" time="0.000" /><testcase classname="tests.test_metadata" name="test_meta_with_kind" time="0.000" /><testcase classname="tests.test_metadata" name="test_meta_name_property" time="0.000" /><testcase classname="tests.test_metadata" name="test_meta_with_name" time="0.000" /><testcase classname="tests.test_metadata" name="test_meta_description_property" time="0.000" /><testcase classname="tests.test_metadata" name="test_meta_with_description" time="0.000" /><testcase classname="tests.test_metadata" name="test_meta_identifier_property" time="0.000" /><testcase classname="tests.test_metadata" name="test_meta_with_identifier" time="0.000" /><testcase classname="tests.test_metadata" name="test_meta_tags_property" time="0.000" /><testcase classname="tests.test_metadata" name="test_meta_with_tags_new" time="0.000" /><testcase classname="tests.test_metadata" name="test_meta_with_tags_append" time="0.000" /><testcase classname="tests.test_metadata" name="test_meta_has_tags" time="0.000" /><testcase classname="tests.test_metadata" name="test_meta_created_property" time="0.000" /><testcase classname="tests.test_metadata" name="test_meta_with_created" time="0.000" /><testcase classname="tests.test_metadata" name="test_meta_merged_with" time="0.000" /><testcase classname="tests.test_metadata" name="test_meta_merged_with_none" time="0.000" /><testcase classname="tests.test_metadata" name="test_meta_merged_with_meta_instance" time="0.000" /><testcase classname="tests.test_metadata" name="test_meta_excluding" time="0.000" /><testcase classname="tests.test_metadata" name="test_meta_excluding_none" time="0.000" /><testcase classname="tests.test_metadata" name="test_meta_updated" time="0.000" /><testcase classname="tests.test_metadata" name="test_meta_immutability" time="0.000" /><testcase classname="tests.test_metadata" name="test_meta_mapping_interface" time="0.000" /><testcase classname="tests.test_metadata" name="test_meta_copy_returns_same_instance" time="0.000" /><testcase classname="tests.test_metadata" name="test__validated_meta_value_primitives" time="0.000" /><testcase classname="tests.test_metadata" name="test__validated_meta_value_collections" time="0.000" /><testcase classname="tests.test_metadata" name="test__validated_meta_value_invalid" time="0.000" /><testcase classname="tests.test_metadata" name="test_meta_get_str_without_default" time="0.000" /><testcase classname="tests.test_metadata" name="test_meta_get_str_with_default" time="0.000" /><testcase classname="tests.test_metadata" name="test_meta_get_str_with_wrong_type" time="0.000" /><testcase classname="tests.test_metadata" name="test_meta_get_int_without_default" time="0.000" /><testcase classname="tests.test_metadata" name="test_meta_get_int_with_default" time="0.000" /><testcase classname="tests.test_metadata" name="test_meta_get_int_with_wrong_type" time="0.000" /><testcase classname="tests.test_metadata" name="test_meta_get_int_with_bool_values" time="0.000" /><testcase classname="tests.test_metadata" name="test_meta_get_float_without_default" time="0.000" /><testcase classname="tests.test_metadata" name="test_meta_get_float_with_default" time="0.000" /><testcase classname="tests.test_metadata" name="test_meta_get_float_with_wrong_type" time="0.000" /><testcase classname="tests.test_metadata" name="test_meta_get_bool_without_default" time="0.000" /><testcase classname="tests.test_metadata" name="test_meta_get_bool_with_default" time="0.000" /><testcase classname="tests.test_metadata" name="test_meta_get_bool_with_wrong_type" time="0.001" /><testcase classname="tests.test_process_concurrently" name="test_processes_all_elements" time="0.001" /><testcase classname="tests.test_process_concurrently" name="test_processes_elements_concurrently" time="0.303" /><testcase classname="tests.test_process_concurrently" name="test_handles_empty_source" time="0.001" /><testcase classname="tests.test_process_concurrently" name="test_propagates_handler_exceptions" time="0.001" /><testcase classname="tests.test_process_concurrently" name="test_ignores_handler_exceptions_when_configured" time="0.001" /><testcase classname="tests.test_process_concurrently" name="test_ignore_exceptions_inside_scope_task_group" time="0.002" /><testcase classname="tests.test_process_concurrently" name="test_handles_source_exception" time="0.001" /><testcase classname="tests.test_process_concurrently" name="test_cancels_running_tasks_on_cancellation" time="0.001" /><testcase classname="tests.test_process_concurrently" name="test_respects_concurrency_limit" time="0.202" /><testcase classname="tests.test_process_concurrently" name="test_processes_elements_from_queue" time="0.052" /><testcase classname="tests.test_state" name="test_basic_initializes_with_arguments" time="0.002" /><testcase classname="tests.test_state" name="test_basic_initializes_with_defaults" time="0.001" /><testcase classname="tests.test_state" name="test_basic_equals_checks_properties" time="0.000" /><testcase classname="tests.test_state" name="test_basic_initializes_with_arguments_and_defaults" time="0.000" /><testcase classname="tests.test_state" name="test_parametrized_initializes_with_proper_parameters" time="0.001" /><testcase classname="tests.test_state" name="test_nested_initializes_with_proper_arguments" time="0.001" /><testcase classname="tests.test_state" name="test_dict_skips_missing_properties" time="0.000" /><testcase classname="tests.test_state" name="test_initialization_allows_missing_properties" time="0.000" /><testcase classname="tests.test_state" name="test_generic_subtypes_validation" time="0.003" /><testcase classname="tests.test_state" name="test_copying_leaves_same_object" time="0.001" /><testcase classname="tests.test_state" name="test_hash_consistency_with_missing_values" time="0.001" /><testcase classname="tests.test_state" name="test_hash_with_unhashable_attributes" time="0.001" /><testcase classname="tests.test_state" name="test_hash_with_dict_key_order_independence" time="0.014" /><testcase classname="tests.test_state" name="test_hash_with_custom_objects" time="0.000" /><testcase classname="tests.test_state" name="test_hash_performance_with_many_attributes" time="0.001" /><testcase classname="tests.test_state" name="test_hash_with_nested_unhashable_collections" time="0.001" /><testcase classname="tests.test_state" name="test_hash_stability_across_instances" time="0.000" /><testcase classname="tests.test_state" name="test_hash_excludes_missing_values" time="0.001" /><testcase classname="tests.test_state_typing" name="test_state_typing_subclass_and_instance_checks" time="0.001" /><testcase classname="tests.test_state_validation" name="test_validator_basic_types" time="0.001" /><testcase classname="tests.test_state_validation" name="test_validator_none_type" time="0.000" /><testcase classname="tests.test_state_validation" name="test_validator_missing_type" time="0.000" /><testcase classname="tests.test_state_validation" name="test_validator_literal_type" time="0.000" /><testcase classname="tests.test_state_validation" name="test_validator_enum_type" time="0.001" /><testcase classname="tests.test_state_validation" name="test_validator_sequence_type" time="0.001" /><testcase classname="tests.test_state_validation" name="test_validator_set_type" time="0.001" /><testcase classname="tests.test_state_validation" name="test_validator_mapping_type" time="0.000" /><testcase classname="tests.test_state_validation" name="test_validator_tuple_type" time="0.001" /><testcase classname="tests.test_state_validation" name="test_validator_union_type" time="0.000" /><testcase classname="tests.test_state_validation" name="test_validator_callable_type" time="0.000" /><testcase classname="tests.test_state_validation" name="test_validator_typed_dict" time="0.000" /><testcase classname="tests.test_state_validation" name="test_validator_state_type" time="0.000" /><testcase classname="tests.test_state_validation" name="test_validator_complex_types" time="0.001" /><testcase classname="tests.test_state_validation" name="test_validator_recursive_state" time="0.001" /><testcase classname="tests.test_state_validation" name="test_validator_generic_state" time="0.001" /><testcase classname="tests.test_state_validation" name="test_validation_error_messages" time="0.001" /><testcase classname="tests.test_state_validation" name="test_validation_any_type" time="0.000" /><testcase classname="tests.test_state_validation" name="test_validator_with_defaults" time="0.000" /><testcase classname="tests.test_state_validation" name="test_attribute_validator_direct_usage" time="0.000" /><testcase classname="tests.test_state_validation" name="test_validation_error_paths" time="0.001" /><testcase classname="tests.test_state_validation" name="test_unsupported_type_annotation" time="0.000" /><testcase classname="tests.test_stream_concurrently" name="test_merges_two_streams" time="0.001" /><testcase classname="tests.test_stream_concurrently" name="test_interleaves_based_on_timing" time="0.152" /><testcase classname="tests.test_stream_concurrently" name="test_handles_empty_iterators" time="0.002" /><testcase classname="tests.test_stream_concurrently" name="test_handles_different_lengths" time="0.001" /><testcase classname="tests.test_stream_concurrently" name="test_propagates_exceptions_from_source_a" time="0.001" /><testcase classname="tests.test_stream_concurrently" name="test_propagates_exceptions_from_source_b" time="0.001" /><testcase classname="tests.test_stream_concurrently" name="test_cancellation_cancels_both_sources" time="0.202" /><testcase classname="tests.test_stream_concurrently" name="test_works_with_different_types" time="0.001" /><testcase classname="tests.test_stream_concurrently" name="test_immediate_yield" time="0.603" /><testcase classname="tests.test_stream_concurrently" name="test_concurrent_execution" time="0.202" /><testcase classname="tests.test_stream_concurrently" name="test_early_completion_does_not_raise_cancellation_error" time="0.102" /><testcase classname="tests.test_stream_concurrently" name="test_task_group_integration_with_early_completion" time="0.052" /><testcase classname="tests.test_stream_concurrently" name="test_cleanup_awaits_cancelled_tasks" time="0.102" /><testcase classname="tests.test_stream_concurrently" name="test_multiple_stream_concurrently_in_task_group" time="0.202" /><testcase classname="tests.test_streaming" name="test_fails_when_generator_fails" time="0.001" /><testcase classname="tests.test_streaming" name="test_cancels_when_iteration_cancels" time="0.001" /><testcase classname="tests.test_streaming" name="test_ends_when_generator_ends" time="0.001" /><testcase classname="tests.test_streaming" name="test_delivers_updates_when_generating" time="0.001" /><testcase classname="tests.test_streaming" name="test_streaming_context_variables_access_is_preserved" time="0.001" /><testcase classname="tests.test_streaming" name="test_nested_streaming_streams_correctly" time="0.001" /><testcase classname="tests.test_timeout" name="test_returns_result_when_returning_value" time="0.001" /><testcase classname="tests.test_timeout" name="test_raises_with_error" time="0.001" /><testcase classname="tests.test_timeout" name="test_raises_with_cancel" time="0.011" /><testcase classname="tests.test_timeout" name="test_raises_with_timeout" time="0.011" /><testcase classname="tests.test_variables" name="test_basic_set_and_get" time="0.001" /><testcase classname="tests.test_variables" name="test_multiple_variable_types" time="0.001" /><testcase classname="tests.test_variables" name="test_variable_with_default" time="0.001" /><testcase classname="tests.test_variables" name="test_no_inheritance_from_parent" time="0.001" /><testcase classname="tests.test_variables" name="test_propagation_to_parent" time="0.001" /><testcase classname="tests.test_variables" name="test_nested_scope_propagation" time="0.001" /><testcase classname="tests.test_variables" name="test_isolated_task_variables" time="0.001" /><testcase classname="tests.test_variables" name="test_multiple_tasks_isolation" time="0.001" /><testcase classname="tests.test_variables" name="test_missing_context_errors" time="0.001" /><testcase classname="tests.test_variables" name="test_reentrant_context_not_allowed" time="0.001" /><testcase classname="tests.test_variables" name="test_isolated_context_no_propagation" time="0.001" /><testcase classname="tests.test_variables" name="test_complex_propagation_scenario" time="0.001" /><testcase classname="tests.test_variables" name="test_variable_immutability" time="0.001" /><testcase classname="tests.test_variables" name="test_concurrent_variable_updates" time="0.003" /><testcase classname="tests.test_variables" name="test_variables_with_none_values" time="0.001" /><testcase classname="tests.test_variables" name="test_variable_type_replacement" time="0.001" /></testsuite></testsuites>